

Microchip MPLAB XC8 Assembler V2.46 build 20240104201356 
                                                                                                           Fri May 03 07:50:29 2024


     1                           	processor	18F4580
     2                           	pagewidth 132
     3                           	psect	const,global,reloc=2,class=CONST,delta=1,noexec
     4                           	psect	smallconst,global,reloc=2,class=SMALLCONST,delta=1,noexec
     5                           	psect	mediumconst,global,reloc=2,class=MEDIUMCONST,delta=1,noexec
     6                           	psect	rbss,global,class=COMRAM,space=1,delta=1,noexec
     7                           	psect	bss,global,class=RAM,space=1,delta=1,noexec
     8                           	psect	rdata,global,class=COMRAM,space=1,delta=1,noexec
     9                           	psect	irdata,global,reloc=2,class=CODE,delta=1,noexec
    10                           	psect	data,global,class=RAM,space=1,delta=1,noexec
    11                           	psect	idata,global,reloc=2,class=CODE,delta=1,noexec
    12                           	psect	nvrram,global,class=COMRAM,space=1,delta=1,noexec
    13                           	psect	nvbit,global,bit,class=COMRAM,space=1,delta=1,noexec
    14                           	psect	temp,global,ovrld,class=COMRAM,space=1,delta=1,noexec
    15                           	psect	struct,global,ovrld,class=COMRAM,space=1,delta=1,noexec
    16                           	psect	rbit,global,bit,class=COMRAM,space=1,delta=1,noexec
    17                           	psect	bigbss,global,class=BIGRAM,space=1,delta=1,noexec
    18                           	psect	bigdata,global,class=BIGRAM,space=1,delta=1,noexec
    19                           	psect	ibigdata,global,reloc=2,class=CODE,delta=1,noexec
    20                           	psect	farbss,global,reloc=2,class=FARRAM,delta=1,noexec
    21                           	psect	nvFARRAM,global,reloc=2,class=FARRAM,delta=1,noexec
    22                           	psect	fardata,global,reloc=2,class=FARRAM,delta=1,noexec
    23                           	psect	ifardata,global,reloc=2,class=CODE,delta=1,noexec
    24                           	psect	reset_vec,global,reloc=2,class=CODE,delta=1
    25                           	psect	powerup,global,reloc=2,class=CODE,delta=1
    26                           	psect	init,global,reloc=2,class=CODE,delta=1
    27                           	psect	text,global,reloc=2,class=CODE,delta=1
    28                           	psect	clrtext,global,reloc=2,class=CODE,delta=1
    29                           	psect	config,global,class=CONFIG,space=4,delta=1,noexec
    30                           	psect	idloc,global,class=IDLOC,space=5,delta=1,noexec
    31                           	psect	intcode,global,reloc=2,class=CODE,delta=1
    32                           	psect	sivt_hi,global,reloc=2,class=CODE,delta=1
    33                           	psect	intcode_body,global,reloc=2,class=CODE,delta=1
    34                           	psect	intcodelo,global,reloc=2,class=CODE,delta=1
    35                           	psect	sivt_lo,global,reloc=2,class=CODE,delta=1
    36                           	psect	intret,global,reloc=2,class=CODE,delta=1
    37                           	psect	intentry,global,reloc=2,class=CODE,delta=1
    38                           	psect	intsave_regs,global,class=BIGRAM,space=1,delta=1
    39                           	psect	eeprom_data,global,class=EEDATA,delta=1,noexec
    40                           	psect	ramtop,global,class=RAM,delta=1,noexec
    41                           	psect	stack,global,class=STACK,space=2,delta=1,noexec
    42                           	psect	heap,global,class=HEAP,space=7,delta=1,noexec
    43                           	psect	comram,global,class=COMRAM,space=1,delta=1
    44                           	psect	abs1,global,class=ABS1,space=1,delta=1
    45                           	psect	bigram,global,class=BIGRAM,space=1,delta=1
    46                           	psect	ram,global,class=RAM,space=1,delta=1
    47                           	psect	bank0,global,class=BANK0,space=1,delta=1
    48                           	psect	bank1,global,class=BANK1,space=1,delta=1
    49                           	psect	bank2,global,class=BANK2,space=1,delta=1
    50                           	psect	bank3,global,class=BANK3,space=1,delta=1
    51                           	psect	bank4,global,class=BANK4,space=1,delta=1
    52                           	psect	bank5,global,class=BANK5,space=1,delta=1
    53                           	psect	sfr,global,class=SFR,space=1,delta=1
    54                           	psect	bigsfr,global,class=BIGSFR,space=1,delta=1
    55                           
    56                           ; Microchip MPLAB XC8 C Compiler V2.46
    57                           ; Copyright (C) 2024 Microchip Technology Inc.
    58                           ; Auto-generated runtime startup code for final link stage.
    59                           ;
    60                           ; Compiler options:
    61                           ;
    62                           ; -I/opt/microchip/xc8/v2.36/include/ --ROM=0-3000 -Q --opt=all \
    63                           ; --asmlist --summary=psect,mem -Mpic18F4580.map -DCOMPILER= -intel \
    64                           ; adc.p1 i2c.p1 ds1307.p1 time.p1 eeprom.p1 matrix_keypad.p1 uart.p1 \
    65                           ; clcd.p1 external_eeprom.p1 isr.p1 changepass.p1 newmain.p1 \
    66                           ; Scrolling.p1 timer0.p1 -opic18F4580.hex
    67                           ;
    68   000000                     
    69                           ; Generated 05/01/2024 GMT
    70                           ; 
    71                           ; Copyright © 2024, Microchip Technology Inc. and its subsidiaries ("Microchip")
    72                           ; All rights reserved.
    73                           ; 
    74                           ; This software is developed by Microchip Technology Inc. and its subsidiaries ("Microchip").
    75                           ; 
    76                           ; Redistribution and use in source and binary forms, with or without modification, are
    77                           ; permitted provided that the following conditions are met:
    78                           ; 
    79                           ;     1. Redistributions of source code must retain the above copyright notice, this list of
    80                           ;        conditions and the following disclaimer.
    81                           ; 
    82                           ;     2. Redistributions in binary form must reproduce the above copyright notice, this list
    83                           ;        of conditions and the following disclaimer in the documentation and/or other
    84                           ;        materials provided with the distribution. Publication is not required when
    85                           ;        this file is used in an embedded application.
    86                           ; 
    87                           ;     3. Microchip's name may not be used to endorse or promote products derived from this
    88                           ;        software without specific prior written permission.
    89                           ; 
    90                           ; THIS SOFTWARE IS PROVIDED BY MICROCHIP "AS IS" AND ANY EXPRESS OR IMPLIED WARRANTIES,
    91                           ; INCLUDING, BUT NOT LIMITED TO, THE IMPLIED WARRANTIES OF MERCHANTABILITY AND FITNESS FOR
    92                           ; PURPOSE ARE DISCLAIMED.  IN NO EVENT SHALL MICROCHIP BE LIABLE FOR ANY DIRECT, INDIRECT,
    93                           ; INCIDENTAL, SPECIAL, EXEMPLARY, OR CONSEQUENTIAL DAMAGES (INCLUDING BUT NOT LIMITED TO
    94                           ; PROCUREMENT OF SUBSTITUTE GOODS OR SERVICES; LOSS OF USE, DATA OR PROFITS; OR BUSINESS
    95                           ; INTERRUPTION) HOWSOEVER CAUSED AND ON ANY THEORY OF LIABILITY, WHETHER IN CONTRACT, STRICT
    96                           ; LIABILITY, OR TORT (INCLUDING NEGLIGENCE OR OTHERWISE) ARISING IN ANY WAY OUT OF THE USE OF
    97                           ; THIS SOFTWARE, EVEN IF ADVISED OF THE POSSIBILITY OF SUCH DAMAGE.
    98                           ; 
    99                           ; 
   100                           ; Code-generator required, PIC18F4580 Definitions
   101                           ; 
   102                           ; SFR Addresses
   103   000000                     
   104                           	psect	smallconst
   105   000000                     __smallconst:
   106                           	callstack 0
   107                           
   108                           	psect	mediumconst
   109   002E7E                     __mediumconst:
   110                           	callstack 0	; top of RAM usage
   111                           
   112                           	psect	reset_vec
   113   000000                     
   114                           ; No powerup routine
   115                           ; jump to start
   116   000000  EF07  F000         	goto	start
   117   000000                     
   118                           ;Initialize the stack pointer (FSR1)
   119   000000                     
   120                           	psect	init
   121   00000E                     start:
   122                           	callstack 0
   123   00000E  EFF6  F00C         	goto	start_initialization	;jump to C runtime clear & initialization
   124                           
   125                           	psect	text
   126   000000                     intlevel0:
   127                           	callstack 0
   128   000000                     intlevel1:
   129                           	callstack 0
   130   000000                     intlevel2:
   131                           	callstack 0
   132   000000                     intlevel3:
   133                           	callstack 0
   134                           
   135                           	psect	ramtop
   136   000600                     __ramtop:
   137                           	callstack 0
   138                           
   139                           	psect	stack
   140   000000                     ___sp:
   141                           	callstack 0
   142   000000                     ___inthi_sp:
   143                           	callstack 0
   144   000000                     ___intlo_sp:
   145                           	callstack 0
   146   000000                     ___stack_lo:
   147                           	callstack 0
   148   000000                     ___stack_hi:
   149                           	callstack 0
   150   000000                     ___inthi_stack_lo:
   151                           	callstack 0
   152   000000                     ___inthi_stack_hi:
   153                           	callstack 0
   154   000000                     ___intlo_stack_lo:
   155                           	callstack 0
   156   000000                     ___intlo_stack_hi:
   157                           	callstack 0
   158                           
   159                           ; No heap to be allocated
   160                           
   161                           	psect	heap
   162   000000                     tosu	equ	0xFFF
   163                           tosh	equ	0xFFE
   164                           tosl	equ	0xFFD
   165                           stkptr	equ	0xFFC
   166                           pclatu	equ	0xFFB
   167                           pclath	equ	0xFFA
   168                           pcl	equ	0xFF9
   169                           tblptru	equ	0xFF8
   170                           tblptrh	equ	0xFF7
   171                           tblptrl	equ	0xFF6
   172                           tablat	equ	0xFF5
   173                           prodh	equ	0xFF4
   174                           prodl	equ	0xFF3
   175                           indf0	equ	0xFEF
   176                           postinc0	equ	0xFEE
   177                           postdec0	equ	0xFED
   178                           preinc0	equ	0xFEC
   179                           plusw0	equ	0xFEB
   180                           fsr0h	equ	0xFEA
   181                           fsr0l	equ	0xFE9
   182                           wreg	equ	0xFE8
   183                           indf1	equ	0xFE7
   184                           postinc1	equ	0xFE6
   185                           postdec1	equ	0xFE5
   186                           preinc1	equ	0xFE4
   187                           plusw1	equ	0xFE3
   188                           fsr1h	equ	0xFE2
   189                           fsr1l	equ	0xFE1
   190                           bsr	equ	0xFE0
   191                           indf2	equ	0xFDF
   192                           postinc2	equ	0xFDE
   193                           postdec2	equ	0xFDD
   194                           preinc2	equ	0xFDC
   195                           plusw2	equ	0xFDB
   196                           fsr2h	equ	0xFDA
   197                           fsr2l	equ	0xFD9
   198                           status	equ	0xFD8


Microchip Technology PIC18 Macro Assembler V2.46 build 20240104201356 
Symbol Table                                                                                               Fri May 03 07:50:29 2024

                __S1 0182                 ___sp 0000                 _main 0012                 start 000E  
              __HRAM 0000                __LRAM 0001               isa$std 0001     ___inthi_stack_hi 0000  
   ___inthi_stack_lo 0000         __mediumconst 2E7E               stackhi 0000               stacklo 0000  
         __accesstop 0060           ___inthi_sp 0000           ___intlo_sp 0000           ___stack_hi 0000  
         ___stack_lo 0000     ___intlo_stack_hi 0000     ___intlo_stack_lo 0000              __ramtop 0600  
start_initialization 19EC            ___heap_hi 0000            ___heap_lo 0000          __smallconst 0000  
           isa$xinst 0000             intlevel0 0000             intlevel1 0000             intlevel2 0000  
           intlevel3 0000             reset_vec 0000  
